<?xml version="1.0" encoding="UTF-8"?>
<testng-results ignored="0" total="22" passed="22" failed="0" skipped="0">
  <reporter-output>
  </reporter-output>
  <suite started-at="2024-06-22T23:40:49 IST" name="TestNG_Tutorial" finished-at="2024-06-22T23:40:50 IST" duration-ms="847">
    <groups>
      <group name="important">
        <method signature="Program2.Demo2()[pri:0, instance:TestNG.Program2@19e4653c]" name="Demo2" class="TestNG.Program2"/>
        <method signature="Program5.method_1()[pri:0, instance:TestNG.Program5@7e057f43]" name="method_1" class="TestNG.Program5"/>
        <method signature="Program4.method_2()[pri:0, instance:TestNG.Program4@231f98ef]" name="method_2" class="TestNG.Program4"/>
        <method signature="Program2.Demo2()[pri:0, instance:TestNG.Program2@451001e5]" name="Demo2" class="TestNG.Program2"/>
        <method signature="Program3.Demo()[pri:0, instance:TestNG.Program3@2b40ff9c]" name="Demo" class="TestNG.Program3"/>
        <method signature="Program4.method_2()[pri:0, instance:TestNG.Program4@3e08ff24]" name="method_2" class="TestNG.Program4"/>
        <method signature="Program5.method_1()[pri:0, instance:TestNG.Program5@4d1c005e]" name="method_1" class="TestNG.Program5"/>
      </group> <!-- important -->
    </groups>
    <test started-at="2024-06-22T23:40:49 IST" name="Demo" finished-at="2024-06-22T23:40:49 IST" duration-ms="160">
      <class name="TestNG.Program1">
        <test-method signature="method_1(java.lang.String)[pri:0, instance:TestNG.Program1@5a45133e]" started-at="2024-06-22T23:40:49 IST" name="method_1" finished-at="2024-06-22T23:40:49 IST" duration-ms="19" status="PASS">
          <params>
            <param index="0">
              <value>
                <![CDATA[This is suite level parameter.]]>
              </value>
            </param>
          </params>
          <reporter-output>
          </reporter-output>
        </test-method> <!-- method_1 -->
      </class> <!-- TestNG.Program1 -->
    </test> <!-- Demo -->
    <test started-at="2024-06-22T23:40:49 IST" name="Exclude" finished-at="2024-06-22T23:40:49 IST" duration-ms="43">
      <class name="TestNG.Program2">
        <test-method signature="Demo()[pri:0, instance:TestNG.Program2@19e4653c]" started-at="2024-06-22T23:40:49 IST" name="Demo" finished-at="2024-06-22T23:40:49 IST" duration-ms="3" status="PASS">
          <reporter-output>
          </reporter-output>
        </test-method> <!-- Demo -->
        <test-method signature="Demo2()[pri:0, instance:TestNG.Program2@19e4653c]" started-at="2024-06-22T23:40:49 IST" name="Demo2" finished-at="2024-06-22T23:40:49 IST" duration-ms="5" status="PASS">
          <reporter-output>
          </reporter-output>
        </test-method> <!-- Demo2 -->
      </class> <!-- TestNG.Program2 -->
    </test> <!-- Exclude -->
    <test started-at="2024-06-22T23:40:49 IST" name="Include" finished-at="2024-06-22T23:40:49 IST" duration-ms="16">
      <class name="TestNG.Program3">
        <test-method signature="Demo2()[pri:0, instance:TestNG.Program3@1c5920df]" started-at="2024-06-22T23:40:49 IST" name="Demo2" finished-at="2024-06-22T23:40:49 IST" duration-ms="5" status="PASS">
          <reporter-output>
          </reporter-output>
        </test-method> <!-- Demo2 -->
      </class> <!-- TestNG.Program3 -->
    </test> <!-- Include -->
    <test started-at="2024-06-22T23:40:49 IST" name="Exclude Include methods, using regexp 4" finished-at="2024-06-22T23:40:49 IST" duration-ms="38">
      <class name="TestNG.Program4">
        <test-method is-config="true" signature="method_3()[pri:0, instance:TestNG.Program4@2cb4893b]" started-at="2024-06-22T23:40:49 IST" name="method_3" finished-at="2024-06-22T23:40:49 IST" duration-ms="1" status="PASS">
          <reporter-output>
          </reporter-output>
        </test-method> <!-- method_3 -->
        <test-method signature="regexNotApplicable()[pri:0, instance:TestNG.Program4@2cb4893b]" started-at="2024-06-22T23:40:49 IST" name="regexNotApplicable" finished-at="2024-06-22T23:40:49 IST" duration-ms="4" status="PASS">
          <reporter-output>
          </reporter-output>
        </test-method> <!-- regexNotApplicable -->
        <test-method is-config="true" signature="method_5()[pri:0, instance:TestNG.Program4@2cb4893b]" started-at="2024-06-22T23:40:49 IST" name="method_5" finished-at="2024-06-22T23:40:49 IST" duration-ms="1" status="PASS">
          <reporter-output>
          </reporter-output>
        </test-method> <!-- method_5 -->
        <test-method is-config="true" signature="method_3()[pri:0, instance:TestNG.Program4@2cb4893b]" started-at="2024-06-22T23:40:49 IST" name="method_3" finished-at="2024-06-22T23:40:49 IST" duration-ms="1" status="PASS">
          <reporter-output>
          </reporter-output>
        </test-method> <!-- method_3 -->
        <test-method signature="regexNotApplicable1()[pri:0, instance:TestNG.Program4@2cb4893b]" started-at="2024-06-22T23:40:49 IST" name="regexNotApplicable1" finished-at="2024-06-22T23:40:49 IST" duration-ms="5" status="PASS">
          <reporter-output>
          </reporter-output>
        </test-method> <!-- regexNotApplicable1 -->
        <test-method is-config="true" signature="method_5()[pri:0, instance:TestNG.Program4@2cb4893b]" started-at="2024-06-22T23:40:49 IST" name="method_5" finished-at="2024-06-22T23:40:49 IST" duration-ms="2" status="PASS">
          <reporter-output>
          </reporter-output>
        </test-method> <!-- method_5 -->
      </class> <!-- TestNG.Program4 -->
    </test> <!-- Exclude Include methods, using regexp 4 -->
    <test started-at="2024-06-22T23:40:49 IST" name="Demo of BeforeTest and AfterTest, BeforeSuite and AfterSuite annotations" finished-at="2024-06-22T23:40:49 IST" duration-ms="33">
      <class name="TestNG.Program1">
        <test-method signature="method_1(java.lang.String)[pri:0, instance:TestNG.Program1@7ce026d3]" started-at="2024-06-22T23:40:49 IST" name="method_1" finished-at="2024-06-22T23:40:49 IST" duration-ms="4" status="PASS">
          <params>
            <param index="0">
              <value>
                <![CDATA[This is suite level parameter.]]>
              </value>
            </param>
          </params>
          <reporter-output>
          </reporter-output>
        </test-method> <!-- method_1 -->
      </class> <!-- TestNG.Program1 -->
      <class name="TestNG.Program5">
        <test-method is-config="true" signature="method_4()[pri:0, instance:TestNG.Program5@7e057f43]" started-at="2024-06-22T23:40:49 IST" name="method_4" finished-at="2024-06-22T23:40:49 IST" duration-ms="2" status="PASS">
          <reporter-output>
          </reporter-output>
        </test-method> <!-- method_4 -->
        <test-method signature="method_1()[pri:0, instance:TestNG.Program5@7e057f43]" started-at="2024-06-22T23:40:49 IST" name="method_1" finished-at="2024-06-22T23:40:49 IST" duration-ms="4" status="PASS">
          <reporter-output>
          </reporter-output>
        </test-method> <!-- method_1 -->
        <test-method is-config="true" signature="method_2()[pri:0, instance:TestNG.Program5@7e057f43]" started-at="2024-06-22T23:40:49 IST" name="method_2" finished-at="2024-06-22T23:40:49 IST" duration-ms="1" status="PASS">
          <reporter-output>
          </reporter-output>
        </test-method> <!-- method_2 -->
      </class> <!-- TestNG.Program5 -->
    </test> <!-- Demo of BeforeTest and AfterTest, BeforeSuite and AfterSuite annotations -->
    <test started-at="2024-06-22T23:40:49 IST" name="Demo of BeforeMethod and AfterMethod annotations" finished-at="2024-06-22T23:40:49 IST" duration-ms="67">
      <class name="TestNG.Program4">
        <test-method is-config="true" signature="method_3()[pri:0, instance:TestNG.Program4@231f98ef]" started-at="2024-06-22T23:40:49 IST" name="method_3" finished-at="2024-06-22T23:40:49 IST" duration-ms="2" status="PASS">
          <reporter-output>
          </reporter-output>
        </test-method> <!-- method_3 -->
        <test-method signature="method_2()[pri:0, instance:TestNG.Program4@231f98ef]" started-at="2024-06-22T23:40:49 IST" name="method_2" finished-at="2024-06-22T23:40:49 IST" duration-ms="5" status="PASS">
          <reporter-output>
          </reporter-output>
        </test-method> <!-- method_2 -->
        <test-method is-config="true" signature="method_5()[pri:0, instance:TestNG.Program4@231f98ef]" started-at="2024-06-22T23:40:49 IST" name="method_5" finished-at="2024-06-22T23:40:49 IST" duration-ms="1" status="PASS">
          <reporter-output>
          </reporter-output>
        </test-method> <!-- method_5 -->
        <test-method is-config="true" signature="method_3()[pri:0, instance:TestNG.Program4@231f98ef]" started-at="2024-06-22T23:40:49 IST" name="method_3" finished-at="2024-06-22T23:40:49 IST" duration-ms="0" status="PASS">
          <reporter-output>
          </reporter-output>
        </test-method> <!-- method_3 -->
        <test-method signature="method_4()[pri:0, instance:TestNG.Program4@231f98ef]" started-at="2024-06-22T23:40:49 IST" name="method_4" finished-at="2024-06-22T23:40:49 IST" duration-ms="3" status="PASS">
          <reporter-output>
          </reporter-output>
        </test-method> <!-- method_4 -->
        <test-method is-config="true" signature="method_5()[pri:0, instance:TestNG.Program4@231f98ef]" started-at="2024-06-22T23:40:49 IST" name="method_5" finished-at="2024-06-22T23:40:49 IST" duration-ms="2" status="PASS">
          <reporter-output>
          </reporter-output>
        </test-method> <!-- method_5 -->
        <test-method is-config="true" signature="method_3()[pri:0, instance:TestNG.Program4@231f98ef]" started-at="2024-06-22T23:40:49 IST" name="method_3" finished-at="2024-06-22T23:40:49 IST" duration-ms="2" status="PASS">
          <reporter-output>
          </reporter-output>
        </test-method> <!-- method_3 -->
        <test-method signature="regexNotApplicable()[pri:0, instance:TestNG.Program4@231f98ef]" started-at="2024-06-22T23:40:49 IST" name="regexNotApplicable" finished-at="2024-06-22T23:40:49 IST" duration-ms="4" status="PASS">
          <reporter-output>
          </reporter-output>
        </test-method> <!-- regexNotApplicable -->
        <test-method is-config="true" signature="method_5()[pri:0, instance:TestNG.Program4@231f98ef]" started-at="2024-06-22T23:40:49 IST" name="method_5" finished-at="2024-06-22T23:40:49 IST" duration-ms="1" status="PASS">
          <reporter-output>
          </reporter-output>
        </test-method> <!-- method_5 -->
        <test-method is-config="true" signature="method_3()[pri:0, instance:TestNG.Program4@231f98ef]" started-at="2024-06-22T23:40:49 IST" name="method_3" finished-at="2024-06-22T23:40:49 IST" duration-ms="2" status="PASS">
          <reporter-output>
          </reporter-output>
        </test-method> <!-- method_3 -->
        <test-method signature="regexNotApplicable1()[pri:0, instance:TestNG.Program4@231f98ef]" started-at="2024-06-22T23:40:49 IST" name="regexNotApplicable1" finished-at="2024-06-22T23:40:49 IST" duration-ms="3" status="PASS">
          <reporter-output>
          </reporter-output>
        </test-method> <!-- regexNotApplicable1 -->
        <test-method is-config="true" signature="method_5()[pri:0, instance:TestNG.Program4@231f98ef]" started-at="2024-06-22T23:40:49 IST" name="method_5" finished-at="2024-06-22T23:40:49 IST" duration-ms="1" status="PASS">
          <reporter-output>
          </reporter-output>
        </test-method> <!-- method_5 -->
      </class> <!-- TestNG.Program4 -->
      <class name="TestNG.Program1">
        <test-method signature="method_1(java.lang.String)[pri:0, instance:TestNG.Program1@31ea9581]" started-at="2024-06-22T23:40:49 IST" name="method_1" finished-at="2024-06-22T23:40:49 IST" duration-ms="4" status="PASS">
          <params>
            <param index="0">
              <value>
                <![CDATA[This is suite level parameter.]]>
              </value>
            </param>
          </params>
          <reporter-output>
          </reporter-output>
        </test-method> <!-- method_1 -->
      </class> <!-- TestNG.Program1 -->
    </test> <!-- Demo of BeforeMethod and AfterMethod annotations -->
    <test started-at="2024-06-22T23:40:49 IST" name="Groups mechanism" finished-at="2024-06-22T23:40:50 IST" duration-ms="39">
      <class name="TestNG.Program3">
        <test-method signature="Demo()[pri:0, instance:TestNG.Program3@2b40ff9c]" started-at="2024-06-22T23:40:49 IST" name="Demo" finished-at="2024-06-22T23:40:49 IST" duration-ms="4" status="PASS">
          <reporter-output>
          </reporter-output>
        </test-method> <!-- Demo -->
      </class> <!-- TestNG.Program3 -->
      <class name="TestNG.Program4">
        <test-method signature="method_2()[pri:0, instance:TestNG.Program4@3e08ff24]" started-at="2024-06-22T23:40:49 IST" name="method_2" finished-at="2024-06-22T23:40:49 IST" duration-ms="5" status="PASS">
          <reporter-output>
          </reporter-output>
        </test-method> <!-- method_2 -->
      </class> <!-- TestNG.Program4 -->
      <class name="TestNG.Program2">
        <test-method signature="Demo2()[pri:0, instance:TestNG.Program2@451001e5]" started-at="2024-06-22T23:40:49 IST" name="Demo2" finished-at="2024-06-22T23:40:49 IST" duration-ms="3" status="PASS">
          <reporter-output>
          </reporter-output>
        </test-method> <!-- Demo2 -->
      </class> <!-- TestNG.Program2 -->
      <class name="TestNG.Program5">
        <test-method signature="method_1()[pri:0, instance:TestNG.Program5@4d1c005e]" started-at="2024-06-22T23:40:49 IST" name="method_1" finished-at="2024-06-22T23:40:49 IST" duration-ms="2" status="PASS">
          <reporter-output>
          </reporter-output>
        </test-method> <!-- method_1 -->
      </class> <!-- TestNG.Program5 -->
    </test> <!-- Groups mechanism -->
    <test started-at="2024-06-22T23:40:50 IST" name="dependsOnMethods, enabled, timeOut: helper annotation" finished-at="2024-06-22T23:40:50 IST" duration-ms="42">
      <class name="TestNG.Program6">
        <test-method signature="method_z(java.lang.String)[pri:0, instance:TestNG.Program6@247310d0]" started-at="2024-06-22T23:40:50 IST" name="method_z" finished-at="2024-06-22T23:40:50 IST" duration-ms="20" status="PASS">
          <params>
            <param index="0">
              <value>
                <![CDATA[This is suite level parameter.]]>
              </value>
            </param>
          </params>
          <reporter-output>
          </reporter-output>
        </test-method> <!-- method_z -->
        <test-method signature="method_a()[pri:0, instance:TestNG.Program6@247310d0]" started-at="2024-06-22T23:40:50 IST" name="method_a" finished-at="2024-06-22T23:40:50 IST" depends-on-methods="TestNG.Program6.method_z" duration-ms="3" status="PASS">
          <reporter-output>
          </reporter-output>
        </test-method> <!-- method_a -->
      </class> <!-- TestNG.Program6 -->
    </test> <!-- dependsOnMethods, enabled, timeOut: helper annotation -->
    <test started-at="2024-06-22T23:40:50 IST" name="Demo of DataProvider Annotation" finished-at="2024-06-22T23:40:50 IST" duration-ms="42">
      <class name="TestNG.Program7">
        <test-method signature="method_1(java.lang.String,java.lang.String)[pri:0, instance:TestNG.Program7@4bdeaabb]" started-at="2024-06-22T23:40:50 IST" name="method_1" data-provider="dataSet" finished-at="2024-06-22T23:40:50 IST" duration-ms="4" status="PASS">
          <params>
            <param index="0">
              <value>
                <![CDATA[Username1]]>
              </value>
            </param>
            <param index="1">
              <value>
                <![CDATA[Password1]]>
              </value>
            </param>
          </params>
          <reporter-output>
          </reporter-output>
        </test-method> <!-- method_1 -->
        <test-method signature="method_1(java.lang.String,java.lang.String)[pri:0, instance:TestNG.Program7@4bdeaabb]" started-at="2024-06-22T23:40:50 IST" name="method_1" data-provider="dataSet" finished-at="2024-06-22T23:40:50 IST" duration-ms="4" status="PASS">
          <params>
            <param index="0">
              <value>
                <![CDATA[Username2]]>
              </value>
            </param>
            <param index="1">
              <value>
                <![CDATA[Password2]]>
              </value>
            </param>
          </params>
          <reporter-output>
          </reporter-output>
        </test-method> <!-- method_1 -->
        <test-method signature="method_1(java.lang.String,java.lang.String)[pri:0, instance:TestNG.Program7@4bdeaabb]" started-at="2024-06-22T23:40:50 IST" name="method_1" data-provider="dataSet" finished-at="2024-06-22T23:40:50 IST" duration-ms="4" status="PASS">
          <params>
            <param index="0">
              <value>
                <![CDATA[Username3]]>
              </value>
            </param>
            <param index="1">
              <value>
                <![CDATA[Password3]]>
              </value>
            </param>
          </params>
          <reporter-output>
          </reporter-output>
        </test-method> <!-- method_1 -->
      </class> <!-- TestNG.Program7 -->
      <class name="TestNG.Program5">
        <test-method is-config="true" signature="method_5()[pri:0, instance:TestNG.Program5@7e057f43]" started-at="2024-06-22T23:40:49 IST" name="method_5" finished-at="2024-06-22T23:40:49 IST" duration-ms="36" status="PASS">
          <reporter-output>
          </reporter-output>
        </test-method> <!-- method_5 -->
        <test-method is-config="true" signature="method_3()[pri:0, instance:TestNG.Program5@7e057f43]" started-at="2024-06-22T23:40:50 IST" name="method_3" finished-at="2024-06-22T23:40:50 IST" duration-ms="1" status="PASS">
          <reporter-output>
          </reporter-output>
        </test-method> <!-- method_3 -->
      </class> <!-- TestNG.Program5 -->
    </test> <!-- Demo of DataProvider Annotation -->
  </suite> <!-- TestNG_Tutorial -->
</testng-results>
