<?xml version="1.0" encoding="UTF-8"?>
<testng-results ignored="0" total="1" passed="1" failed="0" skipped="0">
  <reporter-output>
  </reporter-output>
  <suite started-at="2024-06-23T20:25:08 IST" name="Default suite" finished-at="2024-06-23T20:25:09 IST" duration-ms="191">
    <groups>
    </groups>
    <test started-at="2024-06-23T20:25:08 IST" name="Default test" finished-at="2024-06-23T20:25:09 IST" duration-ms="191">
      <class name="JavaMiscellaneous.SuperKeyword_MainClass">
        <test-method signature="MainMethod()[pri:0, instance:JavaMiscellaneous.SuperKeyword_MainClass@5b1669c0]" started-at="2024-06-23T20:25:09 IST" name="MainMethod" finished-at="2024-06-23T20:25:09 IST" duration-ms="30" status="PASS">
          <reporter-output>
          </reporter-output>
        </test-method> <!-- MainMethod -->
      </class> <!-- JavaMiscellaneous.SuperKeyword_MainClass -->
    </test> <!-- Default test -->
  </suite> <!-- Default suite -->
</testng-results>
