<?xml version="1.0" encoding="UTF-8"?>
<!-- Generated by org.testng.reporters.JUnitXMLReporter -->
<testsuite ignored="7" hostname="V-ANKITAROY" failures="0" tests="2" name="Days of a week" time="0.033" errors="0" timestamp="2024-06-16T10:45:43 IST">
  <testcase classname="TestNG.day" name="numberOfDays" time="0.013"/>
  <testcase classname="TestNG.day" name="week" time="0.004"/>
  <testcase classname="TestNG.day" name="daySunday" time="0.0">
    <ignored/>
  </testcase> <!-- daySunday -->
  <testcase classname="TestNG.day" name="dayThrusday" time="0.0">
    <ignored/>
  </testcase> <!-- dayThrusday -->
  <testcase classname="TestNG.day" name="dayFriday" time="0.0">
    <ignored/>
  </testcase> <!-- dayFriday -->
  <testcase classname="TestNG.day" name="dayWednesday" time="0.0">
    <ignored/>
  </testcase> <!-- dayWednesday -->
  <testcase classname="TestNG.day" name="daySaturday" time="0.0">
    <ignored/>
  </testcase> <!-- daySaturday -->
  <testcase classname="TestNG.day" name="dayMonday" time="0.0">
    <ignored/>
  </testcase> <!-- dayMonday -->
  <testcase classname="TestNG.day" name="dayTuesday" time="0.0">
    <ignored/>
  </testcase> <!-- dayTuesday -->
</testsuite> <!-- Days of a week -->
