<?xml version="1.0" encoding="UTF-8"?>
<!-- Generated by org.testng.reporters.JUnitXMLReporter -->
<testsuite ignored="0" hostname="V-ANKITAROY" failures="0" tests="5" name="Demo of BeforeMethod and AfterMethod annotations" time="0.067" errors="0" timestamp="2024-06-22T23:40:49 IST">
  <testcase classname="TestNG.Program1" name="method_1" time="0.004"/>
  <testcase classname="TestNG.Program4" name="method_2" time="0.005"/>
  <testcase classname="TestNG.Program4" name="method_4" time="0.003"/>
  <testcase classname="TestNG.Program4" name="regexNotApplicable" time="0.004"/>
  <testcase classname="TestNG.Program4" name="regexNotApplicable1" time="0.003"/>
</testsuite> <!-- Demo of BeforeMethod and AfterMethod annotations -->
