<?xml version="1.0" encoding="UTF-8"?>
<!-- Generated by org.testng.reporters.JUnitXMLReporter -->
<testsuite ignored="0" hostname="V-ANKITAROY" failures="0" tests="2" name="Demo of BeforeTest and AfterTest, BeforeSuite and AfterSuite annotations" time="0.033" errors="0" timestamp="2024-06-22T23:40:49 IST">
  <testcase classname="TestNG.Program1" name="method_1" time="0.004"/>
  <testcase classname="TestNG.Program5" name="method_1" time="0.004"/>
</testsuite> <!-- Demo of BeforeTest and AfterTest, BeforeSuite and AfterSuite annotations -->
