<?xml version="1.0" encoding="UTF-8"?>
<!-- Generated by org.testng.reporters.JUnitXMLReporter -->
<testsuite ignored="0" hostname="V-ANKITAROY" failures="0" tests="3" name="Demo of DataProvider Annotation" time="0.042" errors="0" timestamp="2024-06-22T23:40:50 IST">
  <testcase classname="TestNG.Program7" name="method_1" time="0.004"/>
  <testcase classname="TestNG.Program7" name="method_1" time="0.004"/>
  <testcase classname="TestNG.Program7" name="method_1" time="0.004"/>
</testsuite> <!-- Demo of DataProvider Annotation -->
