<?xml version="1.0" encoding="UTF-8"?>
<!-- Generated by org.testng.reporters.JUnitXMLReporter -->
<testsuite ignored="1" hostname="V-ANKITAROY" failures="0" tests="2" name="dependsOnMethods, enabled, timeOut: helper annotation" time="0.042" errors="0" timestamp="2024-06-22T23:40:50 IST">
  <testcase classname="TestNG.Program6" name="method_z" time="0.02"/>
  <testcase classname="TestNG.Program6" name="method_a" time="0.003"/>
  <testcase classname="TestNG.Program6" name="method_b" time="0.0">
    <ignored/>
  </testcase> <!-- method_b -->
</testsuite> <!-- dependsOnMethods, enabled, timeOut: helper annotation -->
