<?xml version="1.0" encoding="UTF-8"?>
<!-- Generated by org.testng.reporters.JUnitXMLReporter -->
<testsuite ignored="0" hostname="V-ANKITAROY" failures="0" tests="3" name="dependsOnMethods, helper annotation" time="0.038" errors="0" timestamp="2024-06-17T19:31:41 IST">
  <testcase classname="TestNG.Program6" name="method_z" time="0.003"/>
  <testcase classname="TestNG.Program6" name="method_a" time="0.003"/>
  <testcase classname="TestNG.Program6" name="method_b" time="0.003"/>
</testsuite> <!-- dependsOnMethods, helper annotation -->
