<?xml version="1.0" encoding="UTF-8"?>
<!-- Generated by org.testng.reporters.JUnitXMLReporter -->
<testsuite ignored="0" hostname="V-ANKITAROY" failures="0" tests="3" name="depend on method, helper annotation" time="0.027" errors="0" timestamp="2024-06-16T18:03:27 IST">
  <testcase classname="TestNG.Program6" name="method_a" time="0.004"/>
  <testcase classname="TestNG.Program6" name="method_b" time="0.003"/>
  <testcase classname="TestNG.Program6" name="method_z" time="0.004"/>
</testsuite> <!-- depend on method, helper annotation -->
