<?xml version="1.0" encoding="UTF-8"?>
<!-- Generated by org.testng.reporters.JUnitXMLReporter -->
<testsuite ignored="2" hostname="V-ANKITAROY" failures="0" tests="2" name="Exclude Include methods, using regexp 4" time="0.038" errors="0" timestamp="2024-06-22T23:40:49 IST">
  <testcase classname="TestNG.Program4" name="regexNotApplicable" time="0.004"/>
  <testcase classname="TestNG.Program4" name="regexNotApplicable1" time="0.005"/>
  <testcase classname="TestNG.Program4" name="method_4" time="0.0">
    <ignored/>
  </testcase> <!-- method_4 -->
  <testcase classname="TestNG.Program4" name="method_2" time="0.0">
    <ignored/>
  </testcase> <!-- method_2 -->
</testsuite> <!-- Exclude Include methods, using regexp 4 -->
