<?xml version="1.0" encoding="UTF-8"?>
<!-- Generated by org.testng.reporters.JUnitXMLReporter -->
<testsuite ignored="8" hostname="V-ANKITAROY" failures="0" tests="4" name="Groups mechanism" time="0.039" errors="0" timestamp="2024-06-22T23:40:50 IST">
  <testcase classname="TestNG.Program2" name="Demo2" time="0.003"/>
  <testcase classname="TestNG.Program3" name="Demo" time="0.004"/>
  <testcase classname="TestNG.Program4" name="method_2" time="0.005"/>
  <testcase classname="TestNG.Program5" name="method_1" time="0.002"/>
  <testcase classname="TestNG.Program2" name="Demo" time="0.0">
    <ignored/>
  </testcase> <!-- Demo -->
  <testcase classname="TestNG.Program4" name="method_4" time="0.0">
    <ignored/>
  </testcase> <!-- method_4 -->
  <testcase classname="TestNG.Program1" name="method_1" time="0.0">
    <ignored/>
  </testcase> <!-- method_1 -->
  <testcase classname="TestNG.Program2" name="Demo1" time="0.0">
    <ignored/>
  </testcase> <!-- Demo1 -->
  <testcase classname="TestNG.Program4" name="regexNotApplicable1" time="0.0">
    <ignored/>
  </testcase> <!-- regexNotApplicable1 -->
  <testcase classname="TestNG.Program3" name="Demo2" time="0.0">
    <ignored/>
  </testcase> <!-- Demo2 -->
  <testcase classname="TestNG.Program4" name="regexNotApplicable" time="0.0">
    <ignored/>
  </testcase> <!-- regexNotApplicable -->
  <testcase classname="TestNG.Program3" name="Demo1" time="0.0">
    <ignored/>
  </testcase> <!-- Demo1 -->
</testsuite> <!-- Groups mechanism -->
