<?xml version="1.0" encoding="UTF-8"?>
<!-- Generated by org.testng.reporters.JUnitXMLReporter -->
<testsuite ignored="2" hostname="V-ANKITAROY" failures="0" tests="1" name="Include" time="0.016" errors="0" timestamp="2024-06-22T23:40:49 IST">
  <testcase classname="TestNG.Program3" name="Demo2" time="0.005"/>
  <testcase classname="TestNG.Program3" name="Demo1" time="0.0">
    <ignored/>
  </testcase> <!-- Demo1 -->
  <testcase classname="TestNG.Program3" name="Demo" time="0.0">
    <ignored/>
  </testcase> <!-- Demo -->
</testsuite> <!-- Include -->
