<?xml version="1.0" encoding="UTF-8"?>
<!-- Generated by org.testng.reporters.JUnitXMLReporter -->
<testsuite ignored="5" hostname="V-ANKITAROY" failures="0" tests="1" name="Program 4" time="0.101" errors="0" timestamp="2024-06-16T12:46:00 IST">
  <testcase classname="TestNG.Program4" name="regexNotApplicable" time="0.047"/>
  <testcase classname="TestNG.Program4" name="method_4" time="0.0">
    <ignored/>
  </testcase> <!-- method_4 -->
  <testcase classname="TestNG.Program4" name="method_5" time="0.0">
    <ignored/>
  </testcase> <!-- method_5 -->
  <testcase classname="TestNG.Program4" name="method_2" time="0.0">
    <ignored/>
  </testcase> <!-- method_2 -->
  <testcase classname="TestNG.Program4" name="method_3" time="0.0">
    <ignored/>
  </testcase> <!-- method_3 -->
  <testcase classname="TestNG.Program4" name="method_1" time="0.0">
    <ignored/>
  </testcase> <!-- method_1 -->
</testsuite> <!-- Program 4 -->
