<?xml version="1.0" encoding="UTF-8"?>
<!-- Generated by org.testng.reporters.JUnitXMLReporter -->
<testsuite ignored="0" hostname="V-ANKITAROY" failures="0" tests="4" name="Program 5" time="0.087" errors="0" timestamp="2024-06-16T12:46:00 IST">
  <testcase classname="TestNG.Program1" name="method_1" time="0.005"/>
  <testcase classname="TestNG.Program5" name="method_1" time="0.016"/>
  <testcase classname="TestNG.Program5" name="method_3" time="0.004"/>
  <testcase classname="TestNG.Program5" name="method_5" time="0.005"/>
</testsuite> <!-- Program 5 -->
