<?xml version="1.0" encoding="UTF-8"?>
<!-- Generated by org.testng.reporters.JUnitXMLReporter -->
<testsuite ignored="1" hostname="V-ANKITAROY" failures="0" tests="2" name="Program 2" time="0.03" errors="0" timestamp="2024-06-16T12:45:59 IST">
  <testcase classname="TestNG.Program2" name="Demo" time="0.005"/>
  <testcase classname="TestNG.Program2" name="Demo2" time="0.005"/>
  <testcase classname="TestNG.Program2" name="Demo1" time="0.0">
    <ignored/>
  </testcase> <!-- Demo1 -->
</testsuite> <!-- Program 2 -->
