<?xml version="1.0" encoding="UTF-8"?>
<!-- Generated by org.testng.reporters.JUnitXMLReporter -->
<testsuite ignored="2" hostname="V-ANKITAROY" failures="0" tests="1" name="Program 3" time="0.019" errors="0" timestamp="2024-06-16T12:46:00 IST">
  <testcase classname="TestNG.Program3" name="Demo2" time="0.004"/>
  <testcase classname="TestNG.Program3" name="Demo" time="0.0">
    <ignored/>
  </testcase> <!-- Demo -->
  <testcase classname="TestNG.Program3" name="Demo1" time="0.0">
    <ignored/>
  </testcase> <!-- Demo1 -->
</testsuite> <!-- Program 3 -->
