<?xml version="1.0" encoding="UTF-8"?>
<!-- Generated by org.testng.reporters.JUnitXMLReporter -->
<testsuite ignored="1" hostname="V-ANKITAROY" failures="0" tests="2" name="Test" time="0.19" errors="0" timestamp="2024-06-16T10:45:42 IST">
  <testcase classname="TestNG.HelloWorld" name="Demo" time="0.029"/>
  <testcase classname="TestNG.Program2" name="Demo" time="0.005"/>
  <testcase classname="TestNG.HelloWorld" name="Demo1" time="0.0">
    <ignored/>
  </testcase> <!-- Demo1 -->
</testsuite> <!-- Test -->
