<?xml version="1.0" encoding="UTF-8"?>
<!-- Generated by org.testng.reporters.JUnitXMLReporter -->
<testsuite ignored="1" hostname="V-ANKITAROY" failures="0" tests="2" name="World Detail" time="0.02" errors="0" timestamp="2024-06-16T10:45:43 IST">
  <testcase classname="TestNG.detail" name="ask_age" time="0.003"/>
  <testcase classname="TestNG.detail" name="ask_name" time="0.004"/>
  <testcase classname="TestNG.detail" name="ask_city" time="0.0">
    <ignored/>
  </testcase> <!-- ask_city -->
</testsuite> <!-- World Detail -->
